

Microchip MPLAB XC8 Assembler V2.36 build 20220127204148 
                                                                                               Tue Apr 19 22:18:46 2022

Microchip MPLAB XC8 C Compiler v2.36 (Free license) build 20220127204148 Og1 
     1                           	processor	16F886
     2                           	pagewidth 120
     3                           	opt	flic
     4                           	psect	idataBANK0,global,class=CODE,delta=2,noexec
     5                           	psect	strings,global,class=STRING,delta=2,noexec
     6                           	psect	cinit,global,class=CODE,merge=1,delta=2
     7                           	psect	bssBANK0,global,class=BANK0,space=1,delta=1,noexec
     8                           	psect	dataBANK0,global,class=BANK0,space=1,delta=1,noexec
     9                           	psect	clrtext,global,class=CODE,delta=2
    10                           	psect	cstackCOMMON,global,class=COMMON,space=1,delta=1,noexec
    11                           	psect	maintext,global,class=CODE,split=1,delta=2
    12                           	psect	text1,local,class=CODE,merge=1,delta=2
    13                           	psect	text2,local,class=CODE,merge=1,delta=2
    14                           	psect	text3,local,class=CODE,merge=1,delta=2
    15                           	psect	text4,local,class=CODE,merge=1,delta=2
    16                           	psect	idloc,global,abs,ovrld,class=IDLOC,space=5,delta=2,noexec
    17                           	psect	config,global,abs,ovrld,class=CONFIG,space=4,delta=2,noexec
    18                           	dabs	1,0x7E,2
    19  0000                     
    20                           ; Version 2.40
    21                           ; Generated 17/11/2021 GMT
    22                           ; 
    23                           ; Copyright © 2021, Microchip Technology Inc. and its subsidiaries ("Microchip")
    24                           ; All rights reserved.
    25                           ; 
    26                           ; This software is developed by Microchip Technology Inc. and its subsidiaries ("Microch
      +                          ip").
    27                           ; 
    28                           ; Redistribution and use in source and binary forms, with or without modification, are
    29                           ; permitted provided that the following conditions are met:
    30                           ; 
    31                           ;     1. Redistributions of source code must retain the above copyright notice, this lis
      +                          t of
    32                           ;        conditions and the following disclaimer.
    33                           ; 
    34                           ;     2. Redistributions in binary form must reproduce the above copyright notice, this 
      +                          list
    35                           ;        of conditions and the following disclaimer in the documentation and/or other
    36                           ;        materials provided with the distribution. Publication is not required when
    37                           ;        this file is used in an embedded application.
    38                           ; 
    39                           ;     3. Microchip's name may not be used to endorse or promote products derived from th
      +                          is
    40                           ;        software without specific prior written permission.
    41                           ; 
    42                           ; THIS SOFTWARE IS PROVIDED BY MICROCHIP "AS IS" AND ANY EXPRESS OR IMPLIED WARRANTIES,
    43                           ; INCLUDING, BUT NOT LIMITED TO, THE IMPLIED WARRANTIES OF MERCHANTABILITY AND FITNESS F
      +                          OR
    44                           ; PURPOSE ARE DISCLAIMED.  IN NO EVENT SHALL MICROCHIP BE LIABLE FOR ANY DIRECT, INDIREC
      +                          T,
    45                           ; INCIDENTAL, SPECIAL, EXEMPLARY, OR CONSEQUENTIAL DAMAGES (INCLUDING BUT NOT LIMITED TO
    46                           ; PROCUREMENT OF SUBSTITUTE GOODS OR SERVICES; LOSS OF USE, DATA OR PROFITS; OR BUSINESS
    47                           ; INTERRUPTION) HOWSOEVER CAUSED AND ON ANY THEORY OF LIABILITY, WHETHER IN CONTRACT, ST
      +                          RICT
    48                           ; LIABILITY, OR TORT (INCLUDING NEGLIGENCE OR OTHERWISE) ARISING IN ANY WAY OUT OF THE U
      +                          SE OF
    49                           ; THIS SOFTWARE, EVEN IF ADVISED OF THE POSSIBILITY OF SUCH DAMAGE.
    50                           ; 
    51                           ; 
    52                           ; Code-generator required, PIC16F886 Definitions
    53                           ; 
    54                           ; SFR Addresses
    55  0000                     	;# 
    56  0001                     	;# 
    57  0002                     	;# 
    58  0003                     	;# 
    59  0004                     	;# 
    60  0005                     	;# 
    61  0006                     	;# 
    62  0007                     	;# 
    63  0009                     	;# 
    64  000A                     	;# 
    65  000B                     	;# 
    66  000C                     	;# 
    67  000D                     	;# 
    68  000E                     	;# 
    69  000E                     	;# 
    70  000F                     	;# 
    71  0010                     	;# 
    72  0011                     	;# 
    73  0012                     	;# 
    74  0013                     	;# 
    75  0014                     	;# 
    76  0015                     	;# 
    77  0015                     	;# 
    78  0016                     	;# 
    79  0017                     	;# 
    80  0018                     	;# 
    81  0019                     	;# 
    82  001A                     	;# 
    83  001B                     	;# 
    84  001B                     	;# 
    85  001C                     	;# 
    86  001D                     	;# 
    87  001E                     	;# 
    88  001F                     	;# 
    89  0081                     	;# 
    90  0085                     	;# 
    91  0086                     	;# 
    92  0087                     	;# 
    93  0089                     	;# 
    94  008C                     	;# 
    95  008D                     	;# 
    96  008E                     	;# 
    97  008F                     	;# 
    98  0090                     	;# 
    99  0091                     	;# 
   100  0092                     	;# 
   101  0093                     	;# 
   102  0093                     	;# 
   103  0093                     	;# 
   104  0094                     	;# 
   105  0095                     	;# 
   106  0096                     	;# 
   107  0097                     	;# 
   108  0098                     	;# 
   109  0099                     	;# 
   110  009A                     	;# 
   111  009B                     	;# 
   112  009C                     	;# 
   113  009D                     	;# 
   114  009E                     	;# 
   115  009F                     	;# 
   116  0105                     	;# 
   117  0107                     	;# 
   118  0108                     	;# 
   119  0109                     	;# 
   120  010C                     	;# 
   121  010C                     	;# 
   122  010D                     	;# 
   123  010E                     	;# 
   124  010F                     	;# 
   125  0185                     	;# 
   126  0187                     	;# 
   127  0188                     	;# 
   128  0189                     	;# 
   129  018C                     	;# 
   130  018D                     	;# 
   131  0000                     	;# 
   132  0001                     	;# 
   133  0002                     	;# 
   134  0003                     	;# 
   135  0004                     	;# 
   136  0005                     	;# 
   137  0006                     	;# 
   138  0007                     	;# 
   139  0009                     	;# 
   140  000A                     	;# 
   141  000B                     	;# 
   142  000C                     	;# 
   143  000D                     	;# 
   144  000E                     	;# 
   145  000E                     	;# 
   146  000F                     	;# 
   147  0010                     	;# 
   148  0011                     	;# 
   149  0012                     	;# 
   150  0013                     	;# 
   151  0014                     	;# 
   152  0015                     	;# 
   153  0015                     	;# 
   154  0016                     	;# 
   155  0017                     	;# 
   156  0018                     	;# 
   157  0019                     	;# 
   158  001A                     	;# 
   159  001B                     	;# 
   160  001B                     	;# 
   161  001C                     	;# 
   162  001D                     	;# 
   163  001E                     	;# 
   164  001F                     	;# 
   165  0081                     	;# 
   166  0085                     	;# 
   167  0086                     	;# 
   168  0087                     	;# 
   169  0089                     	;# 
   170  008C                     	;# 
   171  008D                     	;# 
   172  008E                     	;# 
   173  008F                     	;# 
   174  0090                     	;# 
   175  0091                     	;# 
   176  0092                     	;# 
   177  0093                     	;# 
   178  0093                     	;# 
   179  0093                     	;# 
   180  0094                     	;# 
   181  0095                     	;# 
   182  0096                     	;# 
   183  0097                     	;# 
   184  0098                     	;# 
   185  0099                     	;# 
   186  009A                     	;# 
   187  009B                     	;# 
   188  009C                     	;# 
   189  009D                     	;# 
   190  009E                     	;# 
   191  009F                     	;# 
   192  0105                     	;# 
   193  0107                     	;# 
   194  0108                     	;# 
   195  0109                     	;# 
   196  010C                     	;# 
   197  010C                     	;# 
   198  010D                     	;# 
   199  010E                     	;# 
   200  010F                     	;# 
   201  0185                     	;# 
   202  0187                     	;# 
   203  0188                     	;# 
   204  0189                     	;# 
   205  018C                     	;# 
   206  018D                     	;# 
   207  0000                     	;# 
   208  0001                     	;# 
   209  0002                     	;# 
   210  0003                     	;# 
   211  0004                     	;# 
   212  0005                     	;# 
   213  0006                     	;# 
   214  0007                     	;# 
   215  0009                     	;# 
   216  000A                     	;# 
   217  000B                     	;# 
   218  000C                     	;# 
   219  000D                     	;# 
   220  000E                     	;# 
   221  000E                     	;# 
   222  000F                     	;# 
   223  0010                     	;# 
   224  0011                     	;# 
   225  0012                     	;# 
   226  0013                     	;# 
   227  0014                     	;# 
   228  0015                     	;# 
   229  0015                     	;# 
   230  0016                     	;# 
   231  0017                     	;# 
   232  0018                     	;# 
   233  0019                     	;# 
   234  001A                     	;# 
   235  001B                     	;# 
   236  001B                     	;# 
   237  001C                     	;# 
   238  001D                     	;# 
   239  001E                     	;# 
   240  001F                     	;# 
   241  0081                     	;# 
   242  0085                     	;# 
   243  0086                     	;# 
   244  0087                     	;# 
   245  0089                     	;# 
   246  008C                     	;# 
   247  008D                     	;# 
   248  008E                     	;# 
   249  008F                     	;# 
   250  0090                     	;# 
   251  0091                     	;# 
   252  0092                     	;# 
   253  0093                     	;# 
   254  0093                     	;# 
   255  0093                     	;# 
   256  0094                     	;# 
   257  0095                     	;# 
   258  0096                     	;# 
   259  0097                     	;# 
   260  0098                     	;# 
   261  0099                     	;# 
   262  009A                     	;# 
   263  009B                     	;# 
   264  009C                     	;# 
   265  009D                     	;# 
   266  009E                     	;# 
   267  009F                     	;# 
   268  0105                     	;# 
   269  0107                     	;# 
   270  0108                     	;# 
   271  0109                     	;# 
   272  010C                     	;# 
   273  010C                     	;# 
   274  010D                     	;# 
   275  010E                     	;# 
   276  010F                     	;# 
   277  0185                     	;# 
   278  0187                     	;# 
   279  0188                     	;# 
   280  0189                     	;# 
   281  018C                     	;# 
   282  018D                     	;# 
   283  0000                     	;# 
   284  0001                     	;# 
   285  0002                     	;# 
   286  0003                     	;# 
   287  0004                     	;# 
   288  0005                     	;# 
   289  0006                     	;# 
   290  0007                     	;# 
   291  0009                     	;# 
   292  000A                     	;# 
   293  000B                     	;# 
   294  000C                     	;# 
   295  000D                     	;# 
   296  000E                     	;# 
   297  000E                     	;# 
   298  000F                     	;# 
   299  0010                     	;# 
   300  0011                     	;# 
   301  0012                     	;# 
   302  0013                     	;# 
   303  0014                     	;# 
   304  0015                     	;# 
   305  0015                     	;# 
   306  0016                     	;# 
   307  0017                     	;# 
   308  0018                     	;# 
   309  0019                     	;# 
   310  001A                     	;# 
   311  001B                     	;# 
   312  001B                     	;# 
   313  001C                     	;# 
   314  001D                     	;# 
   315  001E                     	;# 
   316  001F                     	;# 
   317  0081                     	;# 
   318  0085                     	;# 
   319  0086                     	;# 
   320  0087                     	;# 
   321  0089                     	;# 
   322  008C                     	;# 
   323  008D                     	;# 
   324  008E                     	;# 
   325  008F                     	;# 
   326  0090                     	;# 
   327  0091                     	;# 
   328  0092                     	;# 
   329  0093                     	;# 
   330  0093                     	;# 
   331  0093                     	;# 
   332  0094                     	;# 
   333  0095                     	;# 
   334  0096                     	;# 
   335  0097                     	;# 
   336  0098                     	;# 
   337  0099                     	;# 
   338  009A                     	;# 
   339  009B                     	;# 
   340  009C                     	;# 
   341  009D                     	;# 
   342  009E                     	;# 
   343  009F                     	;# 
   344  0105                     	;# 
   345  0107                     	;# 
   346  0108                     	;# 
   347  0109                     	;# 
   348  010C                     	;# 
   349  010C                     	;# 
   350  010D                     	;# 
   351  010E                     	;# 
   352  010F                     	;# 
   353  0185                     	;# 
   354  0187                     	;# 
   355  0188                     	;# 
   356  0189                     	;# 
   357  018C                     	;# 
   358  018D                     	;# 
   359  0000                     	;# 
   360  0001                     	;# 
   361  0002                     	;# 
   362  0003                     	;# 
   363  0004                     	;# 
   364  0005                     	;# 
   365  0006                     	;# 
   366  0007                     	;# 
   367  0009                     	;# 
   368  000A                     	;# 
   369  000B                     	;# 
   370  000C                     	;# 
   371  000D                     	;# 
   372  000E                     	;# 
   373  000E                     	;# 
   374  000F                     	;# 
   375  0010                     	;# 
   376  0011                     	;# 
   377  0012                     	;# 
   378  0013                     	;# 
   379  0014                     	;# 
   380  0015                     	;# 
   381  0015                     	;# 
   382  0016                     	;# 
   383  0017                     	;# 
   384  0018                     	;# 
   385  0019                     	;# 
   386  001A                     	;# 
   387  001B                     	;# 
   388  001B                     	;# 
   389  001C                     	;# 
   390  001D                     	;# 
   391  001E                     	;# 
   392  001F                     	;# 
   393  0081                     	;# 
   394  0085                     	;# 
   395  0086                     	;# 
   396  0087                     	;# 
   397  0089                     	;# 
   398  008C                     	;# 
   399  008D                     	;# 
   400  008E                     	;# 
   401  008F                     	;# 
   402  0090                     	;# 
   403  0091                     	;# 
   404  0092                     	;# 
   405  0093                     	;# 
   406  0093                     	;# 
   407  0093                     	;# 
   408  0094                     	;# 
   409  0095                     	;# 
   410  0096                     	;# 
   411  0097                     	;# 
   412  0098                     	;# 
   413  0099                     	;# 
   414  009A                     	;# 
   415  009B                     	;# 
   416  009C                     	;# 
   417  009D                     	;# 
   418  009E                     	;# 
   419  009F                     	;# 
   420  0105                     	;# 
   421  0107                     	;# 
   422  0108                     	;# 
   423  0109                     	;# 
   424  010C                     	;# 
   425  010C                     	;# 
   426  010D                     	;# 
   427  010E                     	;# 
   428  010F                     	;# 
   429  0185                     	;# 
   430  0187                     	;# 
   431  0188                     	;# 
   432  0189                     	;# 
   433  018C                     	;# 
   434  018D                     	;# 
   435                           
   436                           	psect	idataBANK0
   437  06B1                     __pidataBANK0:
   438                           
   439                           ;initializer for dhtReading@F1333
   440  06B1  3400               	retlw	0
   441  06B2  3400               	retlw	0
   442  06B3  3400               	retlw	0
   443  06B4  3400               	retlw	0
   444  06B5  34FF               	retlw	255
   445                           
   446                           	psect	strings
   447  0003                     __pstrings:
   448  0003                     stringtab:
   449  0003                     __stringtab:
   450  0003                     stringcode:	
   451                           ;	String table - string pointers are 1 byte each
   452                           
   453  0003                     stringdir:
   454  0003  3000               	movlw	high stringdir
   455  0004  008A               	movwf	10
   456  0005  0804               	movf	4,w
   457  0006  0A84               	incf	4,f
   458  0007  0782               	addwf	2,f
   459  0008                     __stringbase:
   460  0008  3400               	retlw	0
   461  0009                     __end_of__stringtab:
   462  0009                     _charMap:
   463  0009  3431               	retlw	49
   464  000A  3432               	retlw	50
   465  000B  3433               	retlw	51
   466  000C  3441               	retlw	65
   467  000D  3434               	retlw	52
   468  000E  3435               	retlw	53
   469  000F  3436               	retlw	54
   470  0010  3442               	retlw	66
   471  0011  3437               	retlw	55
   472  0012  3438               	retlw	56
   473  0013  3439               	retlw	57
   474  0014  3443               	retlw	67
   475  0015  342A               	retlw	42
   476  0016  3430               	retlw	48
   477  0017  3423               	retlw	35
   478  0018  3444               	retlw	68
   479  0019                     __end_of_charMap:
   480  0006                     _PORTBbits	set	6
   481  0007                     _PORTCbits	set	7
   482  0006                     _PORTB	set	6
   483  000E                     _TMR1L	set	14
   484  000F                     _TMR1H	set	15
   485  0010                     _T1CON	set	16
   486  0080                     _TMR1ON	set	128
   487  0087                     _TRISCbits	set	135
   488  0086                     _TRISBbits	set	134
   489  0086                     _TRISB	set	134
   490  008F                     _OSCCON	set	143
   491  0189                     _ANSELH	set	393
   492                           
   493                           	psect	cinit
   494  07D5                     start_initialization:	
   495                           ; #config settings
   496                           
   497  07D5                     __initialization:
   498                           
   499                           ; Initialize objects allocated to BANK0
   500  07D5  120A  118A  26B1  120A  118A  	fcall	__pidataBANK0	;fetch initializer
   501  07DA  00B5               	movwf	__pdataBANK0& (0+127)
   502  07DB  120A  118A  26B2  120A  118A  	fcall	__pidataBANK0+1	;fetch initializer
   503  07E0  00B6               	movwf	(__pdataBANK0+1)& (0+127)
   504  07E1  120A  118A  26B3  120A  118A  	fcall	__pidataBANK0+2	;fetch initializer
   505  07E6  00B7               	movwf	(__pdataBANK0+2)& (0+127)
   506  07E7  120A  118A  26B4  120A  118A  	fcall	__pidataBANK0+3	;fetch initializer
   507  07EC  00B8               	movwf	(__pdataBANK0+3)& (0+127)
   508  07ED  120A  118A  26B5  120A  118A  	fcall	__pidataBANK0+4	;fetch initializer
   509  07F2  00B9               	movwf	(__pdataBANK0+4)& (0+127)
   510                           
   511                           ; Clear objects allocated to BANK0
   512  07F3  1383               	bcf	3,7	;select IRP bank0
   513  07F4  3020               	movlw	low __pbssBANK0
   514  07F5  0084               	movwf	4
   515  07F6  3035               	movlw	low (__pbssBANK0+21)
   516  07F7  120A  118A  26B6  120A  118A  	fcall	clear_ram0
   517  07FC                     end_of_initialization:	
   518                           ;End of C runtime variable initialization code
   519                           
   520  07FC                     __end_of__initialization:
   521  07FC  0183               	clrf	3
   522  07FD  120A  118A  2EFE   	ljmp	_main	;jump to C main() function
   523                           
   524                           	psect	bssBANK0
   525  0020                     __pbssBANK0:
   526  0020                     _bitMap:
   527  0020                     	ds	16
   528  0030                     _CheckSum:
   529  0030                     	ds	1
   530  0031                     _Hum2:
   531  0031                     	ds	1
   532  0032                     _Hum1:
   533  0032                     	ds	1
   534  0033                     _Temp2:
   535  0033                     	ds	1
   536  0034                     _Temp1:
   537  0034                     	ds	1
   538                           
   539                           	psect	dataBANK0
   540  0035                     __pdataBANK0:
   541  0035                     dhtReading@F1333:
   542  0035                     	ds	5
   543                           
   544                           	psect	clrtext
   545  06B6                     clear_ram0:	
   546                           ;	Called with FSR containing the base address, and
   547                           ;	W with the last address+1
   548                           
   549  06B6  0064               	clrwdt	;clear the watchdog before getting into this loop
   550  06B7                     clrloop0:
   551  06B7  0180               	clrf	0	;clear RAM location pointed to by FSR
   552  06B8  0A84               	incf	4,f	;increment pointer
   553  06B9  0604               	xorwf	4,w	;XOR with final address
   554  06BA  1903               	btfsc	3,2	;have we reached the end yet?
   555  06BB  3400               	retlw	0	;all done for this memory range, return
   556  06BC  0604               	xorwf	4,w	;XOR again to restore value
   557  06BD  2EB7               	goto	clrloop0	;do the next byte
   558                           
   559                           	psect	cstackCOMMON
   560  0070                     __pcstackCOMMON:
   561  0070                     ?_CheckResponse:
   562  0070                     ?_ReadData:	
   563                           ; 1 bit 
   564                           
   565  0070                     ?_dhtReading:	
   566                           ; 1 bit 
   567                           
   568  0070                     ?_main:	
   569                           ; 1 bytes @ 0x0
   570                           
   571  0070                     ?_StartSignal:	
   572                           ; 1 bytes @ 0x0
   573                           
   574  0070                     ??_StartSignal:	
   575                           ; 1 bytes @ 0x0
   576                           
   577  0070                     ??_CheckResponse:	
   578                           ; 1 bytes @ 0x0
   579                           
   580  0070                     ??_ReadData:	
   581                           ; 1 bytes @ 0x0
   582                           
   583                           
   584                           ; 1 bytes @ 0x0
   585  0070                     	ds	2
   586  0072                     ReadData@i:
   587                           
   588                           ; 1 bytes @ 0x2
   589  0072                     	ds	1
   590  0073                     ReadData@dhtData:
   591                           
   592                           ; 1 bytes @ 0x3
   593  0073                     	ds	1
   594  0074                     ??_dhtReading:
   595                           
   596                           ; 1 bytes @ 0x4
   597  0074                     	ds	3
   598  0077                     dhtReading@readings:
   599                           
   600                           ; 5 bytes @ 0x7
   601  0077                     	ds	5
   602  007C                     ??_main:
   603                           
   604                           ; 1 bytes @ 0xC
   605  007C                     	ds	1
   606  007D                     main@sensorReadings:
   607                           
   608                           ; 1 bytes @ 0xD
   609  007D                     	ds	1
   610                           
   611                           	psect	maintext
   612  06FE                     __pmaintext:	
   613 ;;
   614 ;;Main: autosize = 0, tempsize = 1, incstack = 0, save=0
   615 ;;
   616 ;; *************** function _main *****************
   617 ;; Defined at:
   618 ;;		line 46 in file "main.c"
   619 ;; Parameters:    Size  Location     Type
   620 ;;		None
   621 ;; Auto vars:     Size  Location     Type
   622 ;;  sensorReadin    1   13[COMMON] PTR unsigned char 
   623 ;;		 -> dhtReading@readings(5), 
   624 ;; Return value:  Size  Location     Type
   625 ;;                  1    wreg      void 
   626 ;; Registers used:
   627 ;;		wreg, fsr0l, fsr0h, status,2, status,0, pclath, cstack
   628 ;; Tracked objects:
   629 ;;		On entry : B00/0
   630 ;;		On exit  : 0/0
   631 ;;		Unchanged: 0/0
   632 ;; Data sizes:     COMMON   BANK0   BANK1   BANK3   BANK2
   633 ;;      Params:         0       0       0       0       0
   634 ;;      Locals:         1       0       0       0       0
   635 ;;      Temps:          1       0       0       0       0
   636 ;;      Totals:         2       0       0       0       0
   637 ;;Total ram usage:        2 bytes
   638 ;; Hardware stack levels required when called: 2
   639 ;; This function calls:
   640 ;;		_dhtReading
   641 ;; This function is called by:
   642 ;;		Startup code after reset
   643 ;; This function uses a non-reentrant model
   644 ;;
   645                           
   646  06FE                     _main:	
   647                           ;psect for function _main
   648                           
   649  06FE                     l1074:	
   650                           ;incstack = 0
   651                           ; Regs used in _main: [wreg-fsr0h+status,2+status,0+pclath+cstack]
   652                           
   653                           
   654                           ;main.c: 48:    OSCCON = 0x70;
   655  06FE  3070               	movlw	112
   656  06FF  1683               	bsf	3,5	;RP0=1, select bank1
   657  0700  1303               	bcf	3,6	;RP1=0, select bank1
   658  0701  008F               	movwf	15	;volatile
   659  0702                     l1076:
   660                           
   661                           ;main.c: 49:    ANSELH = 0;
   662  0702  1683               	bsf	3,5	;RP0=1, select bank3
   663  0703  1703               	bsf	3,6	;RP1=1, select bank3
   664  0704  0189               	clrf	9	;volatile
   665  0705                     l1078:
   666                           
   667                           ;main.c: 50:    T1CON = 0x10;
   668  0705  3010               	movlw	16
   669  0706  1283               	bcf	3,5	;RP0=0, select bank0
   670  0707  1303               	bcf	3,6	;RP1=0, select bank0
   671  0708  0090               	movwf	16	;volatile
   672                           
   673                           ;main.c: 51:    TMR1H = 0;
   674  0709  018F               	clrf	15	;volatile
   675                           
   676                           ;main.c: 52:    TMR1L = 0;
   677  070A  018E               	clrf	14	;volatile
   678                           
   679                           ;main.c: 55:     TRISB = 0;
   680  070B  1683               	bsf	3,5	;RP0=1, select bank1
   681  070C  1303               	bcf	3,6	;RP1=0, select bank1
   682  070D  0186               	clrf	6	;volatile
   683                           
   684                           ;main.c: 56:     PORTB = 0x00;
   685  070E  1283               	bcf	3,5	;RP0=0, select bank0
   686  070F  1303               	bcf	3,6	;RP1=0, select bank0
   687  0710  0186               	clrf	6	;volatile
   688  0711                     l1080:
   689                           
   690                           ;main.c: 63:     {;main.c: 64:         sensorReadings = dhtReading();
   691  0711  120A  118A  2771  120A  118A  	fcall	_dhtReading
   692  0716  00FC               	movwf	??_main
   693  0717  087C               	movf	??_main,w
   694  0718  00FD               	movwf	main@sensorReadings
   695  0719                     l1082:
   696                           
   697                           ;main.c: 65:         if(sensorReadings[0] > 0)
   698  0719  087D               	movf	main@sensorReadings,w
   699  071A  0084               	movwf	4
   700  071B  0800               	movf	0,w
   701  071C  1903               	btfsc	3,2
   702  071D  2F1F               	goto	u331
   703  071E  2F20               	goto	u330
   704  071F                     u331:
   705  071F  2F11               	goto	l1080
   706  0720                     u330:
   707  0720                     l1084:
   708                           
   709                           ;main.c: 66:         {;main.c: 67:             PORTB = 0x02;
   710  0720  3002               	movlw	2
   711  0721  1283               	bcf	3,5	;RP0=0, select bank0
   712  0722  1303               	bcf	3,6	;RP1=0, select bank0
   713  0723  0086               	movwf	6	;volatile
   714  0724  2F11               	goto	l1080
   715  0725  120A  118A  2800   	ljmp	start
   716  0728                     __end_of_main:
   717                           
   718                           	psect	text1
   719  0771                     __ptext1:	
   720 ;; *************** function _dhtReading *****************
   721 ;; Defined at:
   722 ;;		line 83 in file "dht11.c"
   723 ;; Parameters:    Size  Location     Type
   724 ;;		None
   725 ;; Auto vars:     Size  Location     Type
   726 ;;  readings        5    7[COMMON] unsigned char [5]
   727 ;; Return value:  Size  Location     Type
   728 ;;                  1    wreg      PTR unsigned char 
   729 ;; Registers used:
   730 ;;		wreg, fsr0l, fsr0h, status,2, status,0, pclath, cstack
   731 ;; Tracked objects:
   732 ;;		On entry : 0/0
   733 ;;		On exit  : 0/0
   734 ;;		Unchanged: 0/0
   735 ;; Data sizes:     COMMON   BANK0   BANK1   BANK3   BANK2
   736 ;;      Params:         0       0       0       0       0
   737 ;;      Locals:         5       0       0       0       0
   738 ;;      Temps:          3       0       0       0       0
   739 ;;      Totals:         8       0       0       0       0
   740 ;;Total ram usage:        8 bytes
   741 ;; Hardware stack levels used: 1
   742 ;; Hardware stack levels required when called: 1
   743 ;; This function calls:
   744 ;;		_CheckResponse
   745 ;;		_ReadData
   746 ;;		_StartSignal
   747 ;; This function is called by:
   748 ;;		_main
   749 ;; This function uses a non-reentrant model
   750 ;;
   751                           
   752  0771                     _dhtReading:	
   753                           ;psect for function _dhtReading
   754                           
   755  0771                     l1062:	
   756                           ;incstack = 0
   757                           ; Regs used in _dhtReading: [wreg-fsr0h+status,2+status,0+pclath+cstack]
   758                           
   759                           
   760                           ;dht11.c: 85:     char readings[5] = {0,0,0,0,255};
   761  0771  3077               	movlw	dhtReading@readings& (0+255)
   762  0772  0084               	movwf	4
   763  0773  1283               	bcf	3,5	;RP0=0, select bank0
   764  0774  1303               	bcf	3,6	;RP1=0, select bank0
   765  0775  0835               	movf	dhtReading@F1333,w
   766  0776  0080               	movwf	0
   767  0777  0A84               	incf	4,f
   768  0778  0836               	movf	dhtReading@F1333+1,w
   769  0779  0080               	movwf	0
   770  077A  0A84               	incf	4,f
   771  077B  0837               	movf	dhtReading@F1333+2,w
   772  077C  0080               	movwf	0
   773  077D  0A84               	incf	4,f
   774  077E  0838               	movf	dhtReading@F1333+3,w
   775  077F  0080               	movwf	0
   776  0780  0A84               	incf	4,f
   777  0781  0839               	movf	dhtReading@F1333+4,w
   778  0782  0080               	movwf	0
   779  0783                     l1064:
   780                           
   781                           ;dht11.c: 87:     StartSignal();
   782  0783  120A  118A  26BE  120A  118A  	fcall	_StartSignal
   783  0788                     l1066:
   784                           
   785                           ;dht11.c: 89:     if(CheckResponse())
   786  0788  120A  118A  26D9  120A  118A  	fcall	_CheckResponse
   787  078D  1C03               	btfss	3,0
   788  078E  2F90               	goto	u321
   789  078F  2F91               	goto	u320
   790  0790                     u321:
   791  0790  2FC3               	goto	l153
   792  0791                     u320:
   793  0791                     l1068:
   794                           
   795                           ;dht11.c: 90:     {;dht11.c: 91:         readings[0] = ReadData(&Hum1);
   796  0791  3032               	movlw	(low (_Hum1| 0))& (0+255)
   797  0792  120A  118A  2728  120A  118A  	fcall	_ReadData
   798  0797  3000               	movlw	0
   799  0798  1803               	btfsc	3,0
   800  0799  3001               	movlw	1
   801  079A  00F7               	movwf	dhtReading@readings
   802                           
   803                           ;dht11.c: 92:         readings[1] = ReadData(&Hum2);
   804  079B  3031               	movlw	(low (_Hum2| 0))& (0+255)
   805  079C  120A  118A  2728  120A  118A  	fcall	_ReadData
   806  07A1  3000               	movlw	0
   807  07A2  1803               	btfsc	3,0
   808  07A3  3001               	movlw	1
   809  07A4  00F8               	movwf	dhtReading@readings+1
   810                           
   811                           ;dht11.c: 93:         readings[2] = ReadData(&Temp1);
   812  07A5  3034               	movlw	(low (_Temp1| 0))& (0+255)
   813  07A6  120A  118A  2728  120A  118A  	fcall	_ReadData
   814  07AB  3000               	movlw	0
   815  07AC  1803               	btfsc	3,0
   816  07AD  3001               	movlw	1
   817  07AE  00F9               	movwf	dhtReading@readings+2
   818                           
   819                           ;dht11.c: 94:         readings[3] = ReadData(&Temp2);
   820  07AF  3033               	movlw	(low (_Temp2| 0))& (0+255)
   821  07B0  120A  118A  2728  120A  118A  	fcall	_ReadData
   822  07B5  3000               	movlw	0
   823  07B6  1803               	btfsc	3,0
   824  07B7  3001               	movlw	1
   825  07B8  00FA               	movwf	dhtReading@readings+3
   826                           
   827                           ;dht11.c: 95:         readings[4] = ReadData(&CheckSum);
   828  07B9  3030               	movlw	(low (_CheckSum| 0))& (0+255)
   829  07BA  120A  118A  2728  120A  118A  	fcall	_ReadData
   830  07BF  3000               	movlw	0
   831  07C0  1803               	btfsc	3,0
   832  07C1  3001               	movlw	1
   833  07C2  00FB               	movwf	dhtReading@readings+4
   834  07C3                     l153:	
   835                           ;dht11.c: 99:     {;dht11.c: 101:     }
   836                           
   837                           
   838                           ;dht11.c: 102:     TMR1ON = 0;
   839  07C3  1283               	bcf	3,5	;RP0=0, select bank0
   840  07C4  1303               	bcf	3,6	;RP1=0, select bank0
   841  07C5  1010               	bcf	16,0	;volatile
   842  07C6                     l1070:
   843                           
   844                           ;dht11.c: 103:     _delay((unsigned long)((1000)*(8000000/4000.0)));
   845  07C6  300B               	movlw	11
   846  07C7  00F6               	movwf	??_dhtReading+2
   847  07C8  3026               	movlw	38
   848  07C9  00F5               	movwf	??_dhtReading+1
   849  07CA  305D               	movlw	93
   850  07CB  00F4               	movwf	??_dhtReading
   851  07CC                     u347:
   852  07CC  0BF4               	decfsz	??_dhtReading,f
   853  07CD  2FCC               	goto	u347
   854  07CE  0BF5               	decfsz	??_dhtReading+1,f
   855  07CF  2FCC               	goto	u347
   856  07D0  0BF6               	decfsz	??_dhtReading+2,f
   857  07D1  2FCC               	goto	u347
   858  07D2  2FD3               	nop2
   859                           
   860                           ;dht11.c: 104:     return readings;
   861  07D3  3077               	movlw	(low (dhtReading@readings| 0))& (0+255)
   862  07D4                     l154:
   863  07D4  0008               	return
   864  07D5                     __end_of_dhtReading:
   865                           
   866                           	psect	text2
   867  06BE                     __ptext2:	
   868 ;; *************** function _StartSignal *****************
   869 ;; Defined at:
   870 ;;		line 11 in file "dht11.c"
   871 ;; Parameters:    Size  Location     Type
   872 ;;		None
   873 ;; Auto vars:     Size  Location     Type
   874 ;;		None
   875 ;; Return value:  Size  Location     Type
   876 ;;                  1    wreg      void 
   877 ;; Registers used:
   878 ;;		wreg
   879 ;; Tracked objects:
   880 ;;		On entry : 0/0
   881 ;;		On exit  : 0/0
   882 ;;		Unchanged: 0/0
   883 ;; Data sizes:     COMMON   BANK0   BANK1   BANK3   BANK2
   884 ;;      Params:         0       0       0       0       0
   885 ;;      Locals:         0       0       0       0       0
   886 ;;      Temps:          2       0       0       0       0
   887 ;;      Totals:         2       0       0       0       0
   888 ;;Total ram usage:        2 bytes
   889 ;; Hardware stack levels used: 1
   890 ;; This function calls:
   891 ;;		Nothing
   892 ;; This function is called by:
   893 ;;		_dhtReading
   894 ;; This function uses a non-reentrant model
   895 ;;
   896                           
   897  06BE                     _StartSignal:	
   898                           ;psect for function _StartSignal
   899                           
   900  06BE                     l990:	
   901                           ;incstack = 0
   902                           ; Regs used in _StartSignal: [wreg]
   903                           
   904                           
   905                           ;dht11.c: 13:     TRISCbits.TRISC7 = 0;
   906  06BE  1683               	bsf	3,5	;RP0=1, select bank1
   907  06BF  1303               	bcf	3,6	;RP1=0, select bank1
   908  06C0  1387               	bcf	7,7	;volatile
   909                           
   910                           ;dht11.c: 14:     PORTCbits.RC7 = 0;
   911  06C1  1283               	bcf	3,5	;RP0=0, select bank0
   912  06C2  1303               	bcf	3,6	;RP1=0, select bank0
   913  06C3  1387               	bcf	7,7	;volatile
   914  06C4                     l992:
   915                           
   916                           ;dht11.c: 16:     _delay((unsigned long)((25)*(8000000/4000.0)));
   917  06C4  3041               	movlw	65
   918  06C5  00F1               	movwf	??_StartSignal+1
   919  06C6  30EE               	movlw	238
   920  06C7  00F0               	movwf	??_StartSignal
   921  06C8                     u357:
   922  06C8  0BF0               	decfsz	??_StartSignal,f
   923  06C9  2EC8               	goto	u357
   924  06CA  0BF1               	decfsz	??_StartSignal+1,f
   925  06CB  2EC8               	goto	u357
   926  06CC  0000               	nop
   927  06CD                     l994:
   928                           
   929                           ;dht11.c: 17:     PORTCbits.RC7 = 1;
   930  06CD  1283               	bcf	3,5	;RP0=0, select bank0
   931  06CE  1303               	bcf	3,6	;RP1=0, select bank0
   932  06CF  1787               	bsf	7,7	;volatile
   933                           
   934                           ;dht11.c: 19:     _delay((unsigned long)((30)*(8000000/4000000.0)));
   935  06D0  3013               	movlw	19
   936  06D1  00F0               	movwf	??_StartSignal
   937  06D2                     u367:
   938  06D2  0BF0               	decfsz	??_StartSignal,f
   939  06D3  2ED2               	goto	u367
   940  06D4  2ED5               	nop2
   941  06D5                     l996:
   942                           
   943                           ;dht11.c: 20:     TRISCbits.TRISC7 = 1;
   944  06D5  1683               	bsf	3,5	;RP0=1, select bank1
   945  06D6  1303               	bcf	3,6	;RP1=0, select bank1
   946  06D7  1787               	bsf	7,7	;volatile
   947  06D8                     l116:
   948  06D8  0008               	return
   949  06D9                     __end_of_StartSignal:
   950                           
   951                           	psect	text3
   952  0728                     __ptext3:	
   953 ;; *************** function _ReadData *****************
   954 ;; Defined at:
   955 ;;		line 53 in file "dht11.c"
   956 ;; Parameters:    Size  Location     Type
   957 ;;  dhtData         1    wreg     PTR unsigned char 
   958 ;;		 -> CheckSum(1), Temp2(1), Temp1(1), Hum2(1), 
   959 ;;		 -> Hum1(1), 
   960 ;; Auto vars:     Size  Location     Type
   961 ;;  dhtData         1    3[COMMON] PTR unsigned char 
   962 ;;		 -> CheckSum(1), Temp2(1), Temp1(1), Hum2(1), 
   963 ;;		 -> Hum1(1), 
   964 ;;  i               1    2[COMMON] unsigned char 
   965 ;; Return value:  Size  Location     Type
   966 ;;		None               void
   967 ;; Registers used:
   968 ;;		wreg, fsr0l, fsr0h, status,2, status,0
   969 ;; Tracked objects:
   970 ;;		On entry : 0/0
   971 ;;		On exit  : 0/0
   972 ;;		Unchanged: 0/0
   973 ;; Data sizes:     COMMON   BANK0   BANK1   BANK3   BANK2
   974 ;;      Params:         0       0       0       0       0
   975 ;;      Locals:         2       0       0       0       0
   976 ;;      Temps:          2       0       0       0       0
   977 ;;      Totals:         4       0       0       0       0
   978 ;;Total ram usage:        4 bytes
   979 ;; Hardware stack levels used: 1
   980 ;; This function calls:
   981 ;;		Nothing
   982 ;; This function is called by:
   983 ;;		_dhtReading
   984 ;; This function uses a non-reentrant model
   985 ;;
   986                           
   987  0728                     _ReadData:	
   988                           ;psect for function _ReadData
   989                           
   990                           
   991                           ;incstack = 0
   992                           ; Regs used in _ReadData: [wreg-fsr0h+status,2+status,0]
   993                           ;ReadData@dhtData stored from wreg
   994  0728  00F3               	movwf	ReadData@dhtData
   995  0729                     l1026:
   996                           
   997                           ;dht11.c: 53: __bit ReadData(unsigned char *dhtData);dht11.c: 54: {;dht11.c: 55:     *dh
      +                          tData = 0;
   998  0729  0873               	movf	ReadData@dhtData,w
   999  072A  0084               	movwf	4
  1000  072B  1383               	bcf	3,7	;select IRP bank0
  1001  072C  0180               	clrf	0
  1002  072D                     l1028:
  1003                           
  1004                           ;dht11.c: 57:     for (char i = 0; i < 8; i++)
  1005  072D  01F2               	clrf	ReadData@i
  1006  072E                     l1034:
  1007                           
  1008                           ;dht11.c: 58:     {;dht11.c: 59:         TMR1H = 0;
  1009  072E  1283               	bcf	3,5	;RP0=0, select bank0
  1010  072F  1303               	bcf	3,6	;RP1=0, select bank0
  1011  0730  018F               	clrf	15	;volatile
  1012                           
  1013                           ;dht11.c: 60:         TMR1L = 0;
  1014  0731  018E               	clrf	14	;volatile
  1015                           
  1016                           ;dht11.c: 62:         while (!PORTCbits.RC7)
  1017  0732  2F3B               	goto	l138
  1018  0733                     l1036:
  1019                           
  1020                           ;dht11.c: 63:             if (TMR1L > 100)
  1021  0733  3065               	movlw	101
  1022  0734  020E               	subwf	14,w	;volatile
  1023  0735  1C03               	skipc
  1024  0736  2F38               	goto	u251
  1025  0737  2F39               	goto	u250
  1026  0738                     u251:
  1027  0738  2F3B               	goto	l138
  1028  0739                     u250:
  1029  0739                     l1038:
  1030                           
  1031                           ;dht11.c: 64:             {;dht11.c: 65:                 return 1;
  1032  0739  1403               	setc
  1033  073A  2F70               	goto	l141
  1034  073B                     l138:
  1035                           
  1036                           ;dht11.c: 62:         while (!PORTCbits.RC7)
  1037  073B  1F87               	btfss	7,7	;volatile
  1038  073C  2F3E               	goto	u261
  1039  073D  2F3F               	goto	u260
  1040  073E                     u261:
  1041  073E  2F33               	goto	l1036
  1042  073F                     u260:
  1043  073F                     l1042:
  1044                           
  1045                           ;dht11.c: 67:         TMR1H = 0;
  1046  073F  018F               	clrf	15	;volatile
  1047                           
  1048                           ;dht11.c: 68:         TMR1L = 0;
  1049  0740  018E               	clrf	14	;volatile
  1050                           
  1051                           ;dht11.c: 70:         while (PORTCbits.RC7)
  1052  0741  2F49               	goto	l143
  1053  0742                     l1044:
  1054                           
  1055                           ;dht11.c: 71:             if (TMR1L > 100)
  1056  0742  3065               	movlw	101
  1057  0743  020E               	subwf	14,w	;volatile
  1058  0744  1C03               	skipc
  1059  0745  2F47               	goto	u271
  1060  0746  2F48               	goto	u270
  1061  0747                     u271:
  1062  0747  2F49               	goto	l143
  1063  0748                     u270:
  1064  0748  2F39               	goto	l1038
  1065  0749                     l143:
  1066                           
  1067                           ;dht11.c: 70:         while (PORTCbits.RC7)
  1068  0749  1B87               	btfsc	7,7	;volatile
  1069  074A  2F4C               	goto	u281
  1070  074B  2F4D               	goto	u280
  1071  074C                     u281:
  1072  074C  2F42               	goto	l1044
  1073  074D                     u280:
  1074  074D                     l1050:
  1075                           
  1076                           ;dht11.c: 75:         if (TMR1L > 50)
  1077  074D  3033               	movlw	51
  1078  074E  020E               	subwf	14,w	;volatile
  1079  074F  1C03               	skipc
  1080  0750  2F52               	goto	u291
  1081  0751  2F53               	goto	u290
  1082  0752                     u291:
  1083  0752  2F65               	goto	l1054
  1084  0753                     u290:
  1085  0753                     l1052:
  1086                           
  1087                           ;dht11.c: 76:             *dhtData |= (1 << (7 - i));
  1088  0753  3001               	movlw	1
  1089  0754  00F0               	movwf	??_ReadData
  1090  0755  0872               	movf	ReadData@i,w
  1091  0756  3C07               	sublw	7
  1092  0757  3E01               	addlw	1
  1093  0758  2F5B               	goto	u304
  1094  0759                     u305:
  1095  0759  1003               	clrc
  1096  075A  0DF0               	rlf	??_ReadData,f
  1097  075B                     u304:
  1098  075B  3EFF               	addlw	-1
  1099  075C  1D03               	skipz
  1100  075D  2F59               	goto	u305
  1101  075E  0870               	movf	??_ReadData,w
  1102  075F  00F1               	movwf	??_ReadData+1
  1103  0760  0873               	movf	ReadData@dhtData,w
  1104  0761  0084               	movwf	4
  1105  0762  0871               	movf	??_ReadData+1,w
  1106  0763  1383               	bcf	3,7	;select IRP bank0
  1107  0764  0480               	iorwf	0,f
  1108  0765                     l1054:
  1109                           
  1110                           ;dht11.c: 77:     }
  1111  0765  3001               	movlw	1
  1112  0766  00F0               	movwf	??_ReadData
  1113  0767  0870               	movf	??_ReadData,w
  1114  0768  07F2               	addwf	ReadData@i,f
  1115  0769                     l1056:
  1116  0769  3008               	movlw	8
  1117  076A  0272               	subwf	ReadData@i,w
  1118  076B  1C03               	skipc
  1119  076C  2F6E               	goto	u311
  1120  076D  2F6F               	goto	u310
  1121  076E                     u311:
  1122  076E  2F2E               	goto	l1034
  1123  076F                     u310:
  1124  076F                     l1058:
  1125                           
  1126                           ;dht11.c: 79:     return 0;
  1127  076F  1003               	clrc
  1128  0770                     l141:
  1129  0770  0008               	return
  1130  0771                     __end_of_ReadData:
  1131                           
  1132                           	psect	text4
  1133  06D9                     __ptext4:	
  1134 ;; *************** function _CheckResponse *****************
  1135 ;; Defined at:
  1136 ;;		line 23 in file "dht11.c"
  1137 ;; Parameters:    Size  Location     Type
  1138 ;;		None
  1139 ;; Auto vars:     Size  Location     Type
  1140 ;;		None
  1141 ;; Return value:  Size  Location     Type
  1142 ;;		None               void
  1143 ;; Registers used:
  1144 ;;		wreg, status,2, status,0
  1145 ;; Tracked objects:
  1146 ;;		On entry : 0/0
  1147 ;;		On exit  : 0/0
  1148 ;;		Unchanged: 0/0
  1149 ;; Data sizes:     COMMON   BANK0   BANK1   BANK3   BANK2
  1150 ;;      Params:         0       0       0       0       0
  1151 ;;      Locals:         0       0       0       0       0
  1152 ;;      Temps:          0       0       0       0       0
  1153 ;;      Totals:         0       0       0       0       0
  1154 ;;Total ram usage:        0 bytes
  1155 ;; Hardware stack levels used: 1
  1156 ;; This function calls:
  1157 ;;		Nothing
  1158 ;; This function is called by:
  1159 ;;		_dhtReading
  1160 ;; This function uses a non-reentrant model
  1161 ;;
  1162                           
  1163  06D9                     _CheckResponse:	
  1164                           ;psect for function _CheckResponse
  1165                           
  1166  06D9                     l998:	
  1167                           ;incstack = 0
  1168                           ; Regs used in _CheckResponse: [wreg+status,2+status,0]
  1169                           
  1170                           
  1171                           ;dht11.c: 25:     TMR1H = 0;
  1172  06D9  1283               	bcf	3,5	;RP0=0, select bank0
  1173  06DA  1303               	bcf	3,6	;RP1=0, select bank0
  1174  06DB  018F               	clrf	15	;volatile
  1175                           
  1176                           ;dht11.c: 26:     TMR1L = 0;
  1177  06DC  018E               	clrf	14	;volatile
  1178  06DD                     l1000:
  1179                           
  1180                           ;dht11.c: 27:     TMR1ON = 1;
  1181  06DD  1410               	bsf	16,0	;volatile
  1182  06DE                     l119:	
  1183                           ;dht11.c: 30:         ;
  1184                           
  1185                           
  1186                           ;dht11.c: 29:     while (!PORTCbits.RC7 && TMR1L < 100)
  1187  06DE  1B87               	btfsc	7,7	;volatile
  1188  06DF  2EE1               	goto	u201
  1189  06E0  2EE2               	goto	u200
  1190  06E1                     u201:
  1191  06E1  2EE8               	goto	l1004
  1192  06E2                     u200:
  1193  06E2                     l1002:
  1194  06E2  3064               	movlw	100
  1195  06E3  020E               	subwf	14,w	;volatile
  1196  06E4  1C03               	skipc
  1197  06E5  2EE7               	goto	u211
  1198  06E6  2EE8               	goto	u210
  1199  06E7                     u211:
  1200  06E7  2EDE               	goto	l119
  1201  06E8                     u210:
  1202  06E8                     l1004:
  1203                           
  1204                           ;dht11.c: 31:     if (TMR1L > 99)
  1205  06E8  3064               	movlw	100
  1206  06E9  020E               	subwf	14,w	;volatile
  1207  06EA  1C03               	skipc
  1208  06EB  2EED               	goto	u221
  1209  06EC  2EEE               	goto	u220
  1210  06ED                     u221:
  1211  06ED  2EF0               	goto	l1012
  1212  06EE                     u220:
  1213  06EE                     l1006:
  1214                           
  1215                           ;dht11.c: 32:         return 0;
  1216  06EE  1003               	clrc
  1217  06EF  2EFD               	goto	l125
  1218  06F0                     l1012:
  1219                           
  1220                           ;dht11.c: 35:     {;dht11.c: 36:         TMR1H = 0;
  1221  06F0  018F               	clrf	15	;volatile
  1222                           
  1223                           ;dht11.c: 37:         TMR1L = 0;
  1224  06F1  018E               	clrf	14	;volatile
  1225  06F2                     l127:	
  1226                           ;dht11.c: 40:             ;
  1227                           
  1228                           
  1229                           ;dht11.c: 39:         while (PORTCbits.RC7 && TMR1L < 100)
  1230  06F2  1F87               	btfss	7,7	;volatile
  1231  06F3  2EF5               	goto	u231
  1232  06F4  2EF6               	goto	u230
  1233  06F5                     u231:
  1234  06F5  2EFC               	goto	l1022
  1235  06F6                     u230:
  1236  06F6                     l1014:
  1237  06F6  3064               	movlw	100
  1238  06F7  020E               	subwf	14,w	;volatile
  1239  06F8  1C03               	skipc
  1240  06F9  2EFB               	goto	u241
  1241  06FA  2EFC               	goto	u240
  1242  06FB                     u241:
  1243  06FB  2EF2               	goto	l127
  1244  06FC                     u240:
  1245  06FC                     l1022:
  1246                           
  1247                           ;dht11.c: 47:         {;dht11.c: 48:             return 1;
  1248  06FC  1403               	setc
  1249  06FD                     l125:
  1250  06FD  0008               	return
  1251  06FE                     __end_of_CheckResponse:
  1252  007E                     btemp	set	126	;btemp
  1253  007E                     wtemp0	set	126
  1254                           
  1255                           	psect	idloc
  1256                           
  1257                           ;Config register IDLOC0 @ 0x2000
  1258                           ;	unspecified, using default values
  1259  2000                     	org	8192
  1260  2000  3FFF               	dw	16383
  1261                           
  1262                           ;Config register IDLOC1 @ 0x2001
  1263                           ;	unspecified, using default values
  1264  2001                     	org	8193
  1265  2001  3FFF               	dw	16383
  1266                           
  1267                           ;Config register IDLOC2 @ 0x2002
  1268                           ;	unspecified, using default values
  1269  2002                     	org	8194
  1270  2002  3FFF               	dw	16383
  1271                           
  1272                           ;Config register IDLOC3 @ 0x2003
  1273                           ;	unspecified, using default values
  1274  2003                     	org	8195
  1275  2003  3FFF               	dw	16383
  1276                           
  1277                           	psect	config
  1278                           
  1279                           ;Config register CONFIG1 @ 0x2007
  1280                           ;	Oscillator Selection bits
  1281                           ;	FOSC = HS, HS oscillator: High-speed crystal/resonator on RA6/OSC2/CLKOUT and RA7/OSC1
      +                          /CLKIN
  1282                           ;	Watchdog Timer Enable bit
  1283                           ;	WDTE = OFF, WDT disabled and can be enabled by SWDTEN bit of the WDTCON register
  1284                           ;	Power-up Timer Enable bit
  1285                           ;	PWRTE = OFF, PWRT disabled
  1286                           ;	RE3/MCLR pin function select bit
  1287                           ;	MCLRE = OFF, RE3/MCLR pin function is digital input, MCLR internally tied to VDD
  1288                           ;	Code Protection bit
  1289                           ;	CP = OFF, Program memory code protection is disabled
  1290                           ;	Data Code Protection bit
  1291                           ;	CPD = OFF, Data memory code protection is disabled
  1292                           ;	Brown Out Reset Selection bits
  1293                           ;	BOREN = ON, BOR enabled
  1294                           ;	Internal External Switchover bit
  1295                           ;	IESO = ON, Internal/External Switchover mode is enabled
  1296                           ;	Fail-Safe Clock Monitor Enabled bit
  1297                           ;	FCMEN = ON, Fail-Safe Clock Monitor is enabled
  1298                           ;	Low Voltage Programming Enable bit
  1299                           ;	LVP = OFF, RB3 pin has digital I/O, HV on MCLR must be used for programming
  1300                           ;	In-Circuit Debugger Mode bit
  1301                           ;	DEBUG = 0x1, unprogrammed default
  1302  2007                     	org	8199
  1303  2007  2FD2               	dw	12242
  1304                           
  1305                           ;Config register CONFIG2 @ 0x2008
  1306                           ;	Brown-out Reset Selection bit
  1307                           ;	BOR4V = BOR40V, Brown-out Reset set to 4.0V
  1308                           ;	Flash Program Memory Self Write Enable bits
  1309                           ;	WRT = OFF, Write protection off
  1310  2008                     	org	8200
  1311  2008  3FFF               	dw	16383

Data Sizes:
    Strings     0
    Constant    16
    Data        5
    BSS         21
    Persistent  0
    Stack       0

Auto Spaces:
    Space          Size  Autos    Used
    COMMON           14     14      14
    BANK0            80      0      26
    BANK1            80      0       0
    BANK3            96      0       0
    BANK2            96      0       0

Pointer List with Targets:

    ReadData@dhtData	PTR unsigned char  size(1) Largest target is 1
		 -> CheckSum(BANK0[1]), Temp2(BANK0[1]), Temp1(BANK0[1]), Hum2(BANK0[1]), 
		 -> Hum1(BANK0[1]), 

    sp__dhtReading	PTR unsigned char  size(1) Largest target is 5
		 -> dhtReading@readings(COMMON[5]), 

    main@sensorReadings	PTR unsigned char  size(1) Largest target is 5
		 -> dhtReading@readings(COMMON[5]), 


Critical Paths under _main in COMMON

    _main->_dhtReading
    _dhtReading->_ReadData

Critical Paths under _main in BANK0

    None.

Critical Paths under _main in BANK1

    None.

Critical Paths under _main in BANK3

    None.

Critical Paths under _main in BANK2

    None.

Call Graph Tables:

 ---------------------------------------------------------------------------------
 (Depth) Function   	        Calls       Base Space   Used Autos Params    Refs
 ---------------------------------------------------------------------------------
 (0) _main                                                 2     2      0     421
                                             12 COMMON     2     2      0
                         _dhtReading
 ---------------------------------------------------------------------------------
 (1) _dhtReading                                           8     8      0     398
                                              4 COMMON     8     8      0
                      _CheckResponse
                           _ReadData
                        _StartSignal
 ---------------------------------------------------------------------------------
 (2) _StartSignal                                          2     2      0       0
                                              0 COMMON     2     2      0
 ---------------------------------------------------------------------------------
 (2) _ReadData                                             4     4      0     277
                                              0 COMMON     4     4      0
 ---------------------------------------------------------------------------------
 (2) _CheckResponse                                        0     0      0       0
 ---------------------------------------------------------------------------------
 Estimated maximum stack depth 2
 ---------------------------------------------------------------------------------

 Call Graph Graphs:

 _main (ROOT)
   _dhtReading
     _CheckResponse
     _ReadData
     _StartSignal

 Address spaces:
Name               Size   Autos  Total    Cost      Usage
BANK3               60      0       0       9        0.0%
BITBANK3            60      0       0       8        0.0%
SFR3                 0      0       0       4        0.0%
BITSFR3              0      0       0       4        0.0%
BANK2               60      0       0      11        0.0%
BITBANK2            60      0       0      10        0.0%
SFR2                 0      0       0       5        0.0%
BITSFR2              0      0       0       5        0.0%
BANK1               50      0       0       7        0.0%
BITBANK1            50      0       0       6        0.0%
SFR1                 0      0       0       2        0.0%
BITSFR1              0      0       0       2        0.0%
BANK0               50      0      1A       5       32.5%
BITBANK0            50      0       0       4        0.0%
SFR0                 0      0       0       1        0.0%
BITSFR0              0      0       0       1        0.0%
COMMON               E      E       E       1      100.0%
BITCOMMON            E      0       0       0        0.0%
CODE                 0      0       0       0        0.0%
DATA                 0      0      28      12        0.0%
ABS                  0      0      28       3        0.0%
NULL                 0      0       0       0        0.0%
STACK                0      0       0       2        0.0%
EEDATA             100      0       0       0        0.0%


Microchip Technology PIC Macro Assembler V2.36 build 20220127204148 
Symbol Table                                                                                   Tue Apr 19 22:18:46 2022

                      pc 0002                       fsr 0004                      l116 06D8  
                    l125 06FD                      l141 0770                      l127 06F2  
                    l119 06DE                      l143 0749                      l153 07C3  
                    l138 073B                      l154 07D4                      l990 06BE  
                    l992 06C4                      l994 06CD                      l996 06D5  
                    l998 06D9                      u200 06E2                      u201 06E1  
                    u210 06E8                      u211 06E7                      u220 06EE  
                    u221 06ED                      u230 06F6                      u310 076F  
                    u231 06F5                      u311 076E                      u240 06FC  
                    u304 075B                      u320 0791                      u241 06FB  
                    u305 0759                      u321 0790                      u250 0739  
                    u330 0720                      u251 0738                      u331 071F  
                    u260 073F                      u261 073E                      u270 0748  
                    u271 0747                      u280 074D                      u281 074C  
                    u290 0753                      u291 0752                      u347 07CC  
                    u357 06C8                      u367 06D2                      fsr0 0004  
                    indf 0000                     l1000 06DD                     l1002 06E2  
                   l1012 06F0                     l1004 06E8                     l1014 06F6  
                   l1022 06FC                     l1006 06EE                     l1050 074D  
                   l1042 073F                     l1034 072E                     l1026 0729  
                   l1052 0753                     l1044 0742                     l1036 0733  
                   l1028 072D                     l1054 0765                     l1038 0739  
                   l1070 07C6                     l1062 0771                     l1056 0769  
                   l1064 0783                     l1080 0711                     l1058 076F  
                   l1066 0788                     l1082 0719                     l1074 06FE  
                   l1068 0791                     l1084 0720                     l1076 0702  
                   l1078 0705                     _Hum1 0032                     _Hum2 0031  
     dhtReading@readings 0077                     _main 06FE                     btemp 007E  
                   start 0000       main@sensorReadings 007D                    ?_main 0070  
                  _T1CON 0010                    _TMR1H 000F                    _TMR1L 000E  
                  _PORTB 0006          __end_of_charMap 0019                    _TRISB 0086  
                  _Temp1 0034                    _Temp2 0033                    pclath 000A  
                  status 0003                    wtemp0 007E          __initialization 07D5  
           __end_of_main 0728         __end_of_ReadData 0771                   ??_main 007C  
                 _ANSELH 0189                   _OSCCON 008F                   _TMR1ON 0080  
                 _bitMap 0020  __end_of__initialization 07FC           __pcstackCOMMON 0070  
           __pidataBANK0 06B1            ??_StartSignal 0070               __pbssBANK0 0020  
              ?_ReadData 0070            _CheckResponse 06D9               _dhtReading 0771  
             __pmaintext 06FE          dhtReading@F1333 0035      __end_of_StartSignal 06D9  
        ReadData@dhtData 0073               __stringtab 0003               ??_ReadData 0070  
         ?_CheckResponse 0070                  _charMap 0009                  __ptext1 0771  
                __ptext2 06BE                  __ptext3 0728                  __ptext4 06D9  
                clrloop0 06B7     end_of_initialization 07FC              ?_dhtReading 0070  
            _StartSignal 06BE                _PORTBbits 0006                _PORTCbits 0007  
              _TRISBbits 0086                _TRISCbits 0087          ??_CheckResponse 0070  
              ReadData@i 0072      start_initialization 07D5              __pdataBANK0 0035  
              ___latbits 0002                __pstrings 0003                clear_ram0 06B6  
           ??_dhtReading 0074             ?_StartSignal 0070              __stringbase 0008  
               _CheckSum 0030       __end_of_dhtReading 07D5                 _ReadData 0728  
     __end_of__stringtab 0009    __end_of_CheckResponse 06FE                stringcode 0003  
               stringdir 0003                 stringtab 0003  
